AH00558: apache2: Could not reliably determine the server's fully qualified domain name, using 192.20.85.1. Set the 'ServerName' directive globally to suppress this message
[Sun Sep 21 08:49:20.708478 2025] [mpm_prefork:notice] [pid 1:tid 1] AH00163: Apache/2.4.65 (Debian) PHP/8.4.12 configured -- resuming normal operations
[Sun Sep 21 08:49:20.708524 2025] [core:notice] [pid 1:tid 1] AH00094: Command line: 'apache2 -D FOREGROUND'
[Sun Sep 21 09:13:53.310463 2025] [mpm_prefork:notice] [pid 1:tid 1] AH00170: caught SIGWINCH, shutting down gracefully
AH00558: apache2: Could not reliably determine the server's fully qualified domain name, using 192.20.85.1. Set the 'ServerName' directive globally to suppress this message
[Sun Sep 21 09:18:06.807100 2025] [mpm_prefork:notice] [pid 1:tid 1] AH00163: Apache/2.4.65 (Debian) PHP/8.4.12 configured -- resuming normal operations
[Sun Sep 21 09:18:06.807147 2025] [core:notice] [pid 1:tid 1] AH00094: Command line: 'apache2 -D FOREGROUND'
[Sun Sep 21 10:05:26.117641 2025] [mpm_prefork:notice] [pid 1:tid 1] AH00170: caught SIGWINCH, shutting down gracefully
AH00558: apache2: Could not reliably determine the server's fully qualified domain name, using 192.20.85.1. Set the 'ServerName' directive globally to suppress this message
[Sun Sep 21 14:51:45.923890 2025] [mpm_prefork:notice] [pid 1:tid 1] AH00163: Apache/2.4.65 (Debian) PHP/8.4.12 configured -- resuming normal operations
[Sun Sep 21 14:51:45.923943 2025] [core:notice] [pid 1:tid 1] AH00094: Command line: 'apache2 -D FOREGROUND'
[Sun Sep 21 16:32:22.012899 2025] [mpm_prefork:notice] [pid 1:tid 1] AH00170: caught SIGWINCH, shutting down gracefully
AH00558: apache2: Could not reliably determine the server's fully qualified domain name, using 192.20.85.1. Set the 'ServerName' directive globally to suppress this message
[Sun Sep 21 16:32:23.541465 2025] [mpm_prefork:notice] [pid 1:tid 1] AH00163: Apache/2.4.65 (Debian) PHP/8.4.12 configured -- resuming normal operations
[Sun Sep 21 16:32:23.541536 2025] [core:notice] [pid 1:tid 1] AH00094: Command line: 'apache2 -D FOREGROUND'
[Sun Sep 21 18:24:46.744968 2025] [mpm_prefork:notice] [pid 1:tid 1] AH00170: caught SIGWINCH, shutting down gracefully
AH00558: apache2: Could not reliably determine the server's fully qualified domain name, using 192.20.85.1. Set the 'ServerName' directive globally to suppress this message
[Sun Sep 21 18:27:56.057281 2025] [mpm_prefork:notice] [pid 1:tid 1] AH00163: Apache/2.4.65 (Debian) PHP/8.4.12 configured -- resuming normal operations
[Sun Sep 21 18:27:56.057344 2025] [core:notice] [pid 1:tid 1] AH00094: Command line: 'apache2 -D FOREGROUND'
[Sun Sep 21 18:35:34.374785 2025] [mpm_prefork:notice] [pid 1:tid 1] AH00170: caught SIGWINCH, shutting down gracefully
AH00558: apache2: Could not reliably determine the server's fully qualified domain name, using 192.20.85.1. Set the 'ServerName' directive globally to suppress this message
[Sun Sep 21 18:54:43.353117 2025] [mpm_prefork:notice] [pid 1:tid 1] AH00163: Apache/2.4.65 (Debian) PHP/8.4.12 configured -- resuming normal operations
[Sun Sep 21 18:54:43.353227 2025] [core:notice] [pid 1:tid 1] AH00094: Command line: 'apache2 -D FOREGROUND'
[Mon Sep 22 05:11:14.066997 2025] [mpm_prefork:notice] [pid 1:tid 1] AH00170: caught SIGWINCH, shutting down gracefully
AH00558: apache2: Could not reliably determine the server's fully qualified domain name, using 192.20.85.1. Set the 'ServerName' directive globally to suppress this message
[Mon Sep 22 05:24:09.005026 2025] [mpm_prefork:notice] [pid 1:tid 1] AH00163: Apache/2.4.65 (Debian) PHP/8.4.12 configured -- resuming normal operations
[Mon Sep 22 05:24:09.005809 2025] [core:notice] [pid 1:tid 1] AH00094: Command line: 'apache2 -D FOREGROUND'
[Mon Sep 22 05:29:43.567716 2025] [mpm_prefork:notice] [pid 1:tid 1] AH00170: caught SIGWINCH, shutting down gracefully
AH00558: apache2: Could not reliably determine the server's fully qualified domain name, using 192.20.85.1. Set the 'ServerName' directive globally to suppress this message
[Mon Sep 22 05:37:13.869268 2025] [mpm_prefork:notice] [pid 1:tid 1] AH00163: Apache/2.4.65 (Debian) PHP/8.4.12 configured -- resuming normal operations
[Mon Sep 22 05:37:13.869448 2025] [core:notice] [pid 1:tid 1] AH00094: Command line: 'apache2 -D FOREGROUND'
[Mon Sep 22 06:20:28.911600 2025] [mpm_prefork:notice] [pid 1:tid 1] AH00170: caught SIGWINCH, shutting down gracefully
AH00558: apache2: Could not reliably determine the server's fully qualified domain name, using 192.20.85.1. Set the 'ServerName' directive globally to suppress this message
[Mon Sep 22 06:23:33.911271 2025] [mpm_prefork:notice] [pid 1:tid 1] AH00163: Apache/2.4.65 (Debian) PHP/8.4.12 configured -- resuming normal operations
[Mon Sep 22 06:23:33.911340 2025] [core:notice] [pid 1:tid 1] AH00094: Command line: 'apache2 -D FOREGROUND'
[Mon Sep 22 06:27:53.267207 2025] [mpm_prefork:notice] [pid 1:tid 1] AH00170: caught SIGWINCH, shutting down gracefully
AH00558: apache2: Could not reliably determine the server's fully qualified domain name, using 192.20.85.1. Set the 'ServerName' directive globally to suppress this message
[Mon Sep 22 06:41:30.657288 2025] [mpm_prefork:notice] [pid 1:tid 1] AH00163: Apache/2.4.65 (Debian) PHP/8.4.12 configured -- resuming normal operations
[Mon Sep 22 06:41:30.657554 2025] [core:notice] [pid 1:tid 1] AH00094: Command line: 'apache2 -D FOREGROUND'
[Mon Sep 22 06:43:55.237637 2025] [mpm_prefork:notice] [pid 1:tid 1] AH00170: caught SIGWINCH, shutting down gracefully
AH00558: apache2: Could not reliably determine the server's fully qualified domain name, using 192.20.85.1. Set the 'ServerName' directive globally to suppress this message
[Mon Sep 22 06:47:29.393970 2025] [mpm_prefork:notice] [pid 1:tid 1] AH00163: Apache/2.4.65 (Debian) PHP/8.4.12 configured -- resuming normal operations
[Mon Sep 22 06:47:29.394023 2025] [core:notice] [pid 1:tid 1] AH00094: Command line: 'apache2 -D FOREGROUND'
[Mon Sep 22 06:53:18.089614 2025] [mpm_prefork:notice] [pid 1:tid 1] AH00170: caught SIGWINCH, shutting down gracefully
AH00558: apache2: Could not reliably determine the server's fully qualified domain name, using 192.20.85.1. Set the 'ServerName' directive globally to suppress this message
[Mon Sep 22 06:53:46.203180 2025] [mpm_prefork:notice] [pid 1:tid 1] AH00163: Apache/2.4.65 (Debian) PHP/8.4.12 configured -- resuming normal operations
[Mon Sep 22 06:53:46.203273 2025] [core:notice] [pid 1:tid 1] AH00094: Command line: 'apache2 -D FOREGROUND'
[Mon Sep 22 06:54:02.721933 2025] [mpm_prefork:notice] [pid 1:tid 1] AH00170: caught SIGWINCH, shutting down gracefully
AH00558: apache2: Could not reliably determine the server's fully qualified domain name, using 192.20.85.1. Set the 'ServerName' directive globally to suppress this message
[Mon Sep 22 07:01:51.211469 2025] [mpm_prefork:notice] [pid 1:tid 1] AH00163: Apache/2.4.65 (Debian) PHP/8.4.12 configured -- resuming normal operations
[Mon Sep 22 07:01:51.211541 2025] [core:notice] [pid 1:tid 1] AH00094: Command line: 'apache2 -D FOREGROUND'
[Mon Sep 22 07:06:57.112740 2025] [mpm_prefork:notice] [pid 1:tid 1] AH00170: caught SIGWINCH, shutting down gracefully
AH00558: apache2: Could not reliably determine the server's fully qualified domain name, using 192.20.85.1. Set the 'ServerName' directive globally to suppress this message
[Mon Sep 22 07:10:37.192691 2025] [mpm_prefork:notice] [pid 1:tid 1] AH00163: Apache/2.4.65 (Debian) PHP/8.4.12 configured -- resuming normal operations
[Mon Sep 22 07:10:37.192756 2025] [core:notice] [pid 1:tid 1] AH00094: Command line: 'apache2 -D FOREGROUND'
[Mon Sep 22 07:16:55.184723 2025] [mpm_prefork:notice] [pid 1:tid 1] AH00170: caught SIGWINCH, shutting down gracefully
AH00558: apache2: Could not reliably determine the server's fully qualified domain name, using 192.20.85.1. Set the 'ServerName' directive globally to suppress this message
[Mon Sep 22 07:21:58.331670 2025] [mpm_prefork:notice] [pid 1:tid 1] AH00163: Apache/2.4.65 (Debian) PHP/8.4.12 configured -- resuming normal operations
[Mon Sep 22 07:21:58.332189 2025] [core:notice] [pid 1:tid 1] AH00094: Command line: 'apache2 -D FOREGROUND'
[Mon Sep 22 07:24:36.274590 2025] [mpm_prefork:notice] [pid 1:tid 1] AH00170: caught SIGWINCH, shutting down gracefully
AH00558: apache2: Could not reliably determine the server's fully qualified domain name, using 192.20.85.1. Set the 'ServerName' directive globally to suppress this message
[Mon Sep 22 07:29:02.037274 2025] [mpm_prefork:notice] [pid 1:tid 1] AH00163: Apache/2.4.65 (Debian) PHP/8.4.12 configured -- resuming normal operations
[Mon Sep 22 07:29:02.037505 2025] [core:notice] [pid 1:tid 1] AH00094: Command line: 'apache2 -D FOREGROUND'
[Mon Sep 22 07:33:11.057959 2025] [mpm_prefork:notice] [pid 1:tid 1] AH00170: caught SIGWINCH, shutting down gracefully
AH00558: apache2: Could not reliably determine the server's fully qualified domain name, using 192.20.85.1. Set the 'ServerName' directive globally to suppress this message
[Mon Sep 22 07:39:23.806133 2025] [mpm_prefork:notice] [pid 1:tid 1] AH00163: Apache/2.4.65 (Debian) PHP/8.4.12 configured -- resuming normal operations
[Mon Sep 22 07:39:23.806541 2025] [core:notice] [pid 1:tid 1] AH00094: Command line: 'apache2 -D FOREGROUND'
[Mon Sep 22 07:45:40.276626 2025] [mpm_prefork:notice] [pid 1:tid 1] AH00170: caught SIGWINCH, shutting down gracefully
AH00558: apache2: Could not reliably determine the server's fully qualified domain name, using 192.20.85.1. Set the 'ServerName' directive globally to suppress this message
[Mon Sep 22 07:50:34.052450 2025] [mpm_prefork:notice] [pid 1:tid 1] AH00163: Apache/2.4.65 (Debian) PHP/8.4.12 configured -- resuming normal operations
[Mon Sep 22 07:50:34.052565 2025] [core:notice] [pid 1:tid 1] AH00094: Command line: 'apache2 -D FOREGROUND'
[Mon Sep 22 08:02:39.385451 2025] [mpm_prefork:notice] [pid 1:tid 1] AH00170: caught SIGWINCH, shutting down gracefully
AH00558: apache2: Could not reliably determine the server's fully qualified domain name, using 192.20.85.1. Set the 'ServerName' directive globally to suppress this message
[Mon Sep 22 08:02:59.768217 2025] [mpm_prefork:notice] [pid 1:tid 1] AH00163: Apache/2.4.65 (Debian) PHP/8.4.12 configured -- resuming normal operations
[Mon Sep 22 08:02:59.768262 2025] [core:notice] [pid 1:tid 1] AH00094: Command line: 'apache2 -D FOREGROUND'
[Mon Sep 22 08:17:45.872778 2025] [mpm_prefork:notice] [pid 1:tid 1] AH00170: caught SIGWINCH, shutting down gracefully
AH00558: apache2: Could not reliably determine the server's fully qualified domain name, using 192.20.85.1. Set the 'ServerName' directive globally to suppress this message
[Mon Sep 22 08:18:17.118185 2025] [mpm_prefork:notice] [pid 1:tid 1] AH00163: Apache/2.4.65 (Debian) PHP/8.4.12 configured -- resuming normal operations
[Mon Sep 22 08:18:17.118336 2025] [core:notice] [pid 1:tid 1] AH00094: Command line: 'apache2 -D FOREGROUND'
[Mon Sep 22 08:20:54.091804 2025] [mpm_prefork:notice] [pid 1:tid 1] AH00170: caught SIGWINCH, shutting down gracefully
AH00558: apache2: Could not reliably determine the server's fully qualified domain name, using 192.20.85.1. Set the 'ServerName' directive globally to suppress this message
[Mon Sep 22 08:30:06.071787 2025] [mpm_prefork:notice] [pid 1:tid 1] AH00163: Apache/2.4.65 (Debian) PHP/8.4.12 configured -- resuming normal operations
[Mon Sep 22 08:30:06.071856 2025] [core:notice] [pid 1:tid 1] AH00094: Command line: 'apache2 -D FOREGROUND'
[Mon Sep 22 08:42:59.168489 2025] [mpm_prefork:notice] [pid 1:tid 1] AH00170: caught SIGWINCH, shutting down gracefully
AH00558: apache2: Could not reliably determine the server's fully qualified domain name, using 192.20.85.1. Set the 'ServerName' directive globally to suppress this message
[Mon Sep 22 08:47:28.102303 2025] [mpm_prefork:notice] [pid 1:tid 1] AH00163: Apache/2.4.65 (Debian) PHP/8.4.12 configured -- resuming normal operations
[Mon Sep 22 08:47:28.102367 2025] [core:notice] [pid 1:tid 1] AH00094: Command line: 'apache2 -D FOREGROUND'
[Mon Sep 22 08:57:31.743568 2025] [mpm_prefork:notice] [pid 1:tid 1] AH00170: caught SIGWINCH, shutting down gracefully
AH00558: apache2: Could not reliably determine the server's fully qualified domain name, using 192.20.85.1. Set the 'ServerName' directive globally to suppress this message
[Mon Sep 22 09:08:12.063156 2025] [mpm_prefork:notice] [pid 1:tid 1] AH00163: Apache/2.4.65 (Debian) PHP/8.4.12 configured -- resuming normal operations
[Mon Sep 22 09:08:12.063237 2025] [core:notice] [pid 1:tid 1] AH00094: Command line: 'apache2 -D FOREGROUND'
[Mon Sep 22 09:10:28.145997 2025] [mpm_prefork:notice] [pid 1:tid 1] AH00170: caught SIGWINCH, shutting down gracefully
AH00558: apache2: Could not reliably determine the server's fully qualified domain name, using 192.20.85.1. Set the 'ServerName' directive globally to suppress this message
[Mon Sep 22 09:13:53.956621 2025] [mpm_prefork:notice] [pid 1:tid 1] AH00163: Apache/2.4.65 (Debian) PHP/8.4.12 configured -- resuming normal operations
[Mon Sep 22 09:13:53.956685 2025] [core:notice] [pid 1:tid 1] AH00094: Command line: 'apache2 -D FOREGROUND'
[Mon Sep 22 09:25:50.109863 2025] [mpm_prefork:notice] [pid 1:tid 1] AH00170: caught SIGWINCH, shutting down gracefully
AH00558: apache2: Could not reliably determine the server's fully qualified domain name, using 192.20.85.1. Set the 'ServerName' directive globally to suppress this message
[Mon Sep 22 09:29:23.378280 2025] [mpm_prefork:notice] [pid 1:tid 1] AH00163: Apache/2.4.65 (Debian) PHP/8.4.12 configured -- resuming normal operations
[Mon Sep 22 09:29:23.378411 2025] [core:notice] [pid 1:tid 1] AH00094: Command line: 'apache2 -D FOREGROUND'
[Mon Sep 22 09:48:39.954958 2025] [mpm_prefork:notice] [pid 1:tid 1] AH00170: caught SIGWINCH, shutting down gracefully
